  Building Custom Rule C:/Users/jnche/Desktop/jianing/git_repo/tmp/x265_3.2.tar/x265_3.2/source/encoder/CMakeLists.txt
  analysis.cpp
  search.cpp
  bitcost.cpp
  motion.cpp
  slicetype.cpp
  frameencoder.cpp
  framefilter.cpp
  level.cpp
  nal.cpp
  sei.cpp
  sao.cpp
  entropy.cpp
  dpb.cpp
  ratecontrol.cpp
  reference.cpp
  encoder.cpp
  api.cpp
  weightPrediction.cpp
  encoder.vcxproj -> C:\Users\jnche\Desktop\jianing\git_repo\tmp\x265_3.2.tar\x265_3.2\build\vc15-x86_64\encoder\encoder.dir\Debug\encoder.lib
