  Building Custom Rule C:/Users/jnche/Desktop/jianing/git_repo/tmp/x265_3.2.tar/x265_3.2/source/common/CMakeLists.txt
  winxp.cpp
  primitives.cpp
  pixel.cpp
  dct.cpp
  lowpassdct.cpp
  ipfilter.cpp
  intrapred.cpp
  loopfilter.cpp
  constants.cpp
  cpu.cpp
  threading.cpp
  threadpool.cpp
  wavefront.cpp
  md5.cpp
  bitstream.cpp
  yuv.cpp
  shortyuv.cpp
  picyuv.cpp
  common.cpp
  param.cpp
  frame.cpp
  framedata.cpp
  cudata.cpp
  slice.cpp
  lowres.cpp
  piclist.cpp
  predict.cpp
  scalinglist.cpp
  quant.cpp
  deblock.cpp
  version.cpp
  common.vcxproj -> C:\Users\jnche\Desktop\jianing\git_repo\tmp\x265_3.2.tar\x265_3.2\build\vc15-x86_64\common\common.dir\Debug\common.lib
